[22:23:16.055] Global cache location '/Users/dez/Library/Caches/typescript/4.7', safe file path '/nix/store/vc3z6ba7v91nb257bkkcgywrm86s47dq-typescript-4.7.4/lib/node_modules/typescript/lib/typingsafelist.json', types map path /nix/store/vc3z6ba7v91nb257bkkcgywrm86s47dq-typescript-4.7.4/lib/node_modules/typescript/lib/typesmap.json
[22:23:16.056] Processing cache location '/Users/dez/Library/Caches/typescript/4.7'
[22:23:16.056] Trying to find '/Users/dez/Library/Caches/typescript/4.7/package.json'...
[22:23:16.057] Loaded content of '/Users/dez/Library/Caches/typescript/4.7/package.json': {"private":true,"dependencies":{"types-registry":"^0.1.604"},"devDependencies":{"@types/babel__core":"^7.1.19","@types/babel__preset-env":"^7.9.2","@types/core-js":"^2.5.5","@types/estree":"0.0.52","@types/html-webpack-plugin":"^3.2.6","@types/json-schema":"^7.0.11","@types/less":"^3.0.3","@types/live-server":"^1.2.1","@types/node":"^18.0.0","@types/postcss-preset-env":"^7.7.0","@types/react":"^18.0.15"}}
[22:23:16.057] Loaded content of '/Users/dez/Library/Caches/typescript/4.7/package-lock.json'
[22:23:16.064] Adding entry into typings cache: 'babel__core' => '/Users/dez/Library/Caches/typescript/4.7/node_modules/@types/babel__core/index.d.ts'
[22:23:16.065] Adding entry into typings cache: 'babel__preset-env' => '/Users/dez/Library/Caches/typescript/4.7/node_modules/@types/babel__preset-env/index.d.ts'
[22:23:16.066] Adding entry into typings cache: 'core-js' => '/Users/dez/Library/Caches/typescript/4.7/node_modules/@types/core-js/index.d.ts'
[22:23:16.067] Adding entry into typings cache: 'estree' => '/Users/dez/Library/Caches/typescript/4.7/node_modules/@types/estree/index.d.ts'
[22:23:16.069] Adding entry into typings cache: 'html-webpack-plugin' => '/Users/dez/Library/Caches/typescript/4.7/node_modules/@types/html-webpack-plugin/index.d.ts'
[22:23:16.070] Adding entry into typings cache: 'json-schema' => '/Users/dez/Library/Caches/typescript/4.7/node_modules/@types/json-schema/index.d.ts'
[22:23:16.072] Adding entry into typings cache: 'less' => '/Users/dez/Library/Caches/typescript/4.7/node_modules/@types/less/index.d.ts'
[22:23:16.073] Adding entry into typings cache: 'live-server' => '/Users/dez/Library/Caches/typescript/4.7/node_modules/@types/live-server/index.d.ts'
[22:23:16.077] Adding entry into typings cache: 'node' => '/Users/dez/Library/Caches/typescript/4.7/node_modules/@types/node/index.d.ts'
[22:23:16.078] Adding entry into typings cache: 'postcss-preset-env' => '/Users/dez/Library/Caches/typescript/4.7/node_modules/@types/postcss-preset-env/index.d.ts'
[22:23:16.081] Adding entry into typings cache: 'react' => '/Users/dez/Library/Caches/typescript/4.7/node_modules/@types/react/index.d.ts'
[22:23:16.081] Finished processing cache location '/Users/dez/Library/Caches/typescript/4.7'
[22:23:16.081] Process id: 12078
[22:23:16.081] NPM location: /nix/store/16qr1zzm2i2fynf00b2han7v9wdnph34-nodejs-14.20.0/bin/npm (explicit '--npmLocation' not  provided)
[22:23:16.081] validateDefaultNpmLocation: false
[22:23:16.081] Npm config file: /Users/dez/Library/Caches/typescript/4.7/package.json
[22:23:16.081] Updating types-registry npm package...
[22:23:16.081] Exec: /nix/store/16qr1zzm2i2fynf00b2han7v9wdnph34-nodejs-14.20.0/bin/npm install --ignore-scripts types-registry@latest
[22:23:23.256]     Succeeded. stdout:
    + types-registry@0.1.605
    updated 1 package and audited 50 packages in 6.743s

7 packages are looking for funding
  run `npm fund` for details

found 0 vulnerabilities


[22:23:23.257] Updated types-registry npm package
[22:23:23.281] Got install request {"projectName":"/dev/null/inferredProject1*","fileNames":["/nix/store/vc3z6ba7v91nb257bkkcgywrm86s47dq-typescript-4.7.4/lib/node_modules/typescript/lib/lib.es5.d.ts","/nix/store/vc3z6ba7v91nb257bkkcgywrm86s47dq-typescript-4.7.4/lib/node_modules/typescript/lib/lib.es2015.d.ts","/nix/store/vc3z6ba7v91nb257bkkcgywrm86s47dq-typescript-4.7.4/lib/node_modules/typescript/lib/lib.es2016.d.ts","/nix/store/vc3z6ba7v91nb257bkkcgywrm86s47dq-typescript-4.7.4/lib/node_modules/typescript/lib/lib.dom.d.ts","/nix/store/vc3z6ba7v91nb257bkkcgywrm86s47dq-typescript-4.7.4/lib/node_modules/typescript/lib/lib.dom.iterable.d.ts","/nix/store/vc3z6ba7v91nb257bkkcgywrm86s47dq-typescript-4.7.4/lib/node_modules/typescript/lib/lib.webworker.importscripts.d.ts","/nix/store/vc3z6ba7v91nb257bkkcgywrm86s47dq-typescript-4.7.4/lib/node_modules/typescript/lib/lib.scripthost.d.ts","/nix/store/vc3z6ba7v91nb257bkkcgywrm86s47dq-typescript-4.7.4/lib/node_modules/typescript/lib/lib.es2015.core.d.ts","/nix/store/vc3z6ba7v91nb257bkkcgywrm86s47dq-typescript-4.7.4/lib/node_modules/typescript/lib/lib.es2015.collection.d.ts","/nix/store/vc3z6ba7v91nb257bkkcgywrm86s47dq-typescript-4.7.4/lib/node_modules/typescript/lib/lib.es2015.generator.d.ts","/nix/store/vc3z6ba7v91nb257bkkcgywrm86s47dq-typescript-4.7.4/lib/node_modules/typescript/lib/lib.es2015.iterable.d.ts","/nix/store/vc3z6ba7v91nb257bkkcgywrm86s47dq-typescript-4.7.4/lib/node_modules/typescript/lib/lib.es2015.promise.d.ts","/nix/store/vc3z6ba7v91nb257bkkcgywrm86s47dq-typescript-4.7.4/lib/node_modules/typescript/lib/lib.es2015.proxy.d.ts","/nix/store/vc3z6ba7v91nb257bkkcgywrm86s47dq-typescript-4.7.4/lib/node_modules/typescript/lib/lib.es2015.reflect.d.ts","/nix/store/vc3z6ba7v91nb257bkkcgywrm86s47dq-typescript-4.7.4/lib/node_modules/typescript/lib/lib.es2015.symbol.d.ts","/nix/store/vc3z6ba7v91nb257bkkcgywrm86s47dq-typescript-4.7.4/lib/node_modules/typescript/lib/lib.es2015.symbol.wellknown.d.ts","/nix/store/vc3z6ba7v91nb257bkkcgywrm86s47dq-typescript-4.7.4/lib/node_modules/typescript/lib/lib.es2016.array.include.d.ts","/nix/store/vc3z6ba7v91nb257bkkcgywrm86s47dq-typescript-4.7.4/lib/node_modules/typescript/lib/lib.es2016.full.d.ts","/Users/dez/.dotfiles/Ubersicht/docker-box.widget/index.jsx"],"compilerOptions":{"module":1,"target":3,"jsx":1,"allowJs":true,"allowSyntheticDefaultImports":true,"allowNonTsExtensions":true,"noEmitForJsFiles":true,"maxNodeModuleJsDepth":2},"typeAcquisition":{"enable":true,"include":[],"exclude":[]},"unresolvedImports":["uebersicht"],"projectRootPath":"/Users/dez/.dotfiles/Ubersicht/docker-box.widget","kind":"discover"}
[22:23:23.293] Loaded safelist from types map file '/nix/store/vc3z6ba7v91nb257bkkcgywrm86s47dq-typescript-4.7.4/lib/node_modules/typescript/lib/typesmap.json'
[22:23:23.294] Explicitly included types: []
[22:23:23.294] Typing names in '/Users/dez/.dotfiles/Ubersicht/docker-box.widget/package.json' dependencies: []
[22:23:23.294] Inferred 'react' typings due to presence of '.jsx' extension
[22:23:23.294] Inferred typings from unresolved imports: ["uebersicht"]
[22:23:23.295] Result: {"cachedTypingPaths":[],"newTypingNames":["react","uebersicht"],"filesToWatch":["/Users/dez/.dotfiles/Ubersicht/docker-box.widget/bower_components","/Users/dez/.dotfiles/Ubersicht/docker-box.widget/package.json","/Users/dez/.dotfiles/Ubersicht/docker-box.widget/node_modules"]}
[22:23:23.295] Finished typings discovery: {"cachedTypingPaths":[],"newTypingNames":["react","uebersicht"],"filesToWatch":["/Users/dez/.dotfiles/Ubersicht/docker-box.widget/bower_components","/Users/dez/.dotfiles/Ubersicht/docker-box.widget/package.json","/Users/dez/.dotfiles/Ubersicht/docker-box.widget/node_modules"]}
[22:23:23.295] DirectoryWatcher:: Added:: WatchInfo: /Users/dez/.dotfiles/Ubersicht/docker-box.widget/bower_components
[22:23:23.295] DirectoryWatcher:: Added:: WatchInfo: /Users/dez/.dotfiles/Ubersicht/docker-box.widget/bower_components 1 undefined Project: /dev/null/inferredProject1* watcher already invoked: false
[22:23:23.296] Elapsed:: 0.547374963760376ms DirectoryWatcher:: Added:: WatchInfo: /Users/dez/.dotfiles/Ubersicht/docker-box.widget/bower_components 1 undefined Project: /dev/null/inferredProject1* watcher already invoked: false
[22:23:23.296] FileWatcher:: Added:: WatchInfo: /Users/dez/.dotfiles/Ubersicht/docker-box.widget/package.json
[22:23:23.296] FileWatcher:: Added:: WatchInfo: /Users/dez/.dotfiles/Ubersicht/docker-box.widget/package.json 2000 undefined Project: /dev/null/inferredProject1* watcher already invoked: false
[22:23:23.296] DirectoryWatcher:: Added:: WatchInfo: /Users/dez/.dotfiles/Ubersicht/docker-box.widget/node_modules
[22:23:23.296] DirectoryWatcher:: Added:: WatchInfo: /Users/dez/.dotfiles/Ubersicht/docker-box.widget/node_modules 1 undefined Project: /dev/null/inferredProject1* watcher already invoked: false
[22:23:23.296] Elapsed:: 0.04729199409484863ms DirectoryWatcher:: Added:: WatchInfo: /Users/dez/.dotfiles/Ubersicht/docker-box.widget/node_modules 1 undefined Project: /dev/null/inferredProject1* watcher already invoked: false
[22:23:23.296] Installing typings ["react","uebersicht"]
[22:23:23.297] 'uebersicht':: Entry for package 'uebersicht' does not exist in local types registry - skipping...
[22:23:23.297] Npm config file: /Users/dez/Library/Caches/typescript/4.7/package.json
[22:23:23.298] Sending response:
    {"kind":"event::beginInstallTypes","eventId":1,"typingsInstallerVersion":"4.7.4","projectName":"/dev/null/inferredProject1*"}
[22:23:23.298] Response has been sent.
[22:23:23.298] #1 with arguments'["@types/react@ts4.7"]'.
[22:23:23.298] Exec: /nix/store/16qr1zzm2i2fynf00b2han7v9wdnph34-nodejs-14.20.0/bin/npm install --ignore-scripts @types/react@ts4.7 --save-dev --user-agent="typesInstaller/4.7.4"
[22:23:32.444]     Succeeded. stdout:
    + @types/react@18.0.17
    updated 1 package and audited 50 packages in 8.896s

7 packages are looking for funding
  run `npm fund` for details

found 0 vulnerabilities


[22:23:32.444] npm install #1 took: 9146 ms
[22:23:32.444] Installed typings ["@types/react@ts4.7"]
[22:23:32.446] Installed typing files ["/Users/dez/Library/Caches/typescript/4.7/node_modules/@types/react/index.d.ts"]
[22:23:32.446] Sending response:
    {"projectName":"/dev/null/inferredProject1*","typeAcquisition":{"enable":true,"include":[],"exclude":[]},"compilerOptions":{"module":1,"target":3,"jsx":1,"allowJs":true,"allowSyntheticDefaultImports":true,"allowNonTsExtensions":true,"noEmitForJsFiles":true,"maxNodeModuleJsDepth":2},"typings":["/Users/dez/Library/Caches/typescript/4.7/node_modules/@types/react/index.d.ts"],"unresolvedImports":["uebersicht"],"kind":"action::set"}
[22:23:32.446] Response has been sent.
[22:23:32.446] Sending response:
    {"kind":"event::endInstallTypes","eventId":1,"projectName":"/dev/null/inferredProject1*","packagesToInstall":["@types/react@ts4.7"],"installSuccess":true,"typingsInstallerVersion":"4.7.4"}
[22:23:32.446] Response has been sent.
[22:23:32.898] Got install request {"projectName":"/dev/null/inferredProject1*","fileNames":["/nix/store/vc3z6ba7v91nb257bkkcgywrm86s47dq-typescript-4.7.4/lib/node_modules/typescript/lib/lib.es5.d.ts","/nix/store/vc3z6ba7v91nb257bkkcgywrm86s47dq-typescript-4.7.4/lib/node_modules/typescript/lib/lib.es2015.d.ts","/nix/store/vc3z6ba7v91nb257bkkcgywrm86s47dq-typescript-4.7.4/lib/node_modules/typescript/lib/lib.es2016.d.ts","/nix/store/vc3z6ba7v91nb257bkkcgywrm86s47dq-typescript-4.7.4/lib/node_modules/typescript/lib/lib.dom.d.ts","/nix/store/vc3z6ba7v91nb257bkkcgywrm86s47dq-typescript-4.7.4/lib/node_modules/typescript/lib/lib.dom.iterable.d.ts","/nix/store/vc3z6ba7v91nb257bkkcgywrm86s47dq-typescript-4.7.4/lib/node_modules/typescript/lib/lib.webworker.importscripts.d.ts","/nix/store/vc3z6ba7v91nb257bkkcgywrm86s47dq-typescript-4.7.4/lib/node_modules/typescript/lib/lib.scripthost.d.ts","/nix/store/vc3z6ba7v91nb257bkkcgywrm86s47dq-typescript-4.7.4/lib/node_modules/typescript/lib/lib.es2015.core.d.ts","/nix/store/vc3z6ba7v91nb257bkkcgywrm86s47dq-typescript-4.7.4/lib/node_modules/typescript/lib/lib.es2015.collection.d.ts","/nix/store/vc3z6ba7v91nb257bkkcgywrm86s47dq-typescript-4.7.4/lib/node_modules/typescript/lib/lib.es2015.generator.d.ts","/nix/store/vc3z6ba7v91nb257bkkcgywrm86s47dq-typescript-4.7.4/lib/node_modules/typescript/lib/lib.es2015.iterable.d.ts","/nix/store/vc3z6ba7v91nb257bkkcgywrm86s47dq-typescript-4.7.4/lib/node_modules/typescript/lib/lib.es2015.promise.d.ts","/nix/store/vc3z6ba7v91nb257bkkcgywrm86s47dq-typescript-4.7.4/lib/node_modules/typescript/lib/lib.es2015.proxy.d.ts","/nix/store/vc3z6ba7v91nb257bkkcgywrm86s47dq-typescript-4.7.4/lib/node_modules/typescript/lib/lib.es2015.reflect.d.ts","/nix/store/vc3z6ba7v91nb257bkkcgywrm86s47dq-typescript-4.7.4/lib/node_modules/typescript/lib/lib.es2015.symbol.d.ts","/nix/store/vc3z6ba7v91nb257bkkcgywrm86s47dq-typescript-4.7.4/lib/node_modules/typescript/lib/lib.es2015.symbol.wellknown.d.ts","/nix/store/vc3z6ba7v91nb257bkkcgywrm86s47dq-typescript-4.7.4/lib/node_modules/typescript/lib/lib.es2016.array.include.d.ts","/nix/store/vc3z6ba7v91nb257bkkcgywrm86s47dq-typescript-4.7.4/lib/node_modules/typescript/lib/lib.es2016.full.d.ts","/Users/dez/.dotfiles/Ubersicht/docker-box.widget/index.jsx","/Users/dez/Library/Caches/typescript/4.7/node_modules/@types/react/global.d.ts","/Users/dez/Library/Caches/typescript/4.7/node_modules/@types/react/index.d.ts"],"compilerOptions":{"module":1,"target":3,"jsx":1,"allowJs":true,"allowSyntheticDefaultImports":true,"allowNonTsExtensions":true,"noEmitForJsFiles":true,"maxNodeModuleJsDepth":2},"typeAcquisition":{"enable":true,"include":[],"exclude":[]},"unresolvedImports":["uebersicht"],"projectRootPath":"/Users/dez/.dotfiles/Ubersicht/docker-box.widget","kind":"discover"}
[22:23:32.899] Explicitly included types: []
[22:23:32.899] Typing names in '/Users/dez/.dotfiles/Ubersicht/docker-box.widget/package.json' dependencies: []
[22:23:32.899] Inferred 'react' typings due to presence of '.jsx' extension
[22:23:32.899] Inferred typings from unresolved imports: ["uebersicht"]
[22:23:32.900] Result: {"cachedTypingPaths":["/Users/dez/Library/Caches/typescript/4.7/node_modules/@types/react/index.d.ts"],"newTypingNames":["uebersicht"],"filesToWatch":["/Users/dez/.dotfiles/Ubersicht/docker-box.widget/bower_components","/Users/dez/.dotfiles/Ubersicht/docker-box.widget/package.json","/Users/dez/.dotfiles/Ubersicht/docker-box.widget/node_modules"]}
[22:23:32.900] Finished typings discovery: {"cachedTypingPaths":["/Users/dez/Library/Caches/typescript/4.7/node_modules/@types/react/index.d.ts"],"newTypingNames":["uebersicht"],"filesToWatch":["/Users/dez/.dotfiles/Ubersicht/docker-box.widget/bower_components","/Users/dez/.dotfiles/Ubersicht/docker-box.widget/package.json","/Users/dez/.dotfiles/Ubersicht/docker-box.widget/node_modules"]}
[22:23:32.900] Installing typings ["uebersicht"]
[22:23:32.900] 'uebersicht':: Entry for package 'uebersicht' does not exist in local types registry - skipping...
[22:23:32.900] All typings are known to be missing or invalid - no need to install more typings
[22:23:32.900] Sending response:
    {"projectName":"/dev/null/inferredProject1*","typeAcquisition":{"enable":true,"include":[],"exclude":[]},"compilerOptions":{"module":1,"target":3,"jsx":1,"allowJs":true,"allowSyntheticDefaultImports":true,"allowNonTsExtensions":true,"noEmitForJsFiles":true,"maxNodeModuleJsDepth":2},"typings":["/Users/dez/Library/Caches/typescript/4.7/node_modules/@types/react/index.d.ts"],"unresolvedImports":["uebersicht"],"kind":"action::set"}
[22:23:32.900] Response has been sent.
[22:50:04.085] Parent process has exited, shutting down...
