[23:15:09.847] Global cache location '/Users/desmond/Library/Caches/typescript/4.2', safe file path '/users/desmond/.nvm/versions/node/v16.0.0/lib/node_modules/typescript/lib/typingsafelist.json', types map path /users/desmond/.nvm/versions/node/v16.0.0/lib/node_modules/typescript/lib/typesmap.json
[23:15:09.849] Processing cache location '/Users/desmond/Library/Caches/typescript/4.2'
[23:15:09.849] Trying to find '/Users/desmond/Library/Caches/typescript/4.2/package.json'...
[23:15:09.849] Finished processing cache location '/Users/desmond/Library/Caches/typescript/4.2'
[23:15:09.849] Process id: 14652
[23:15:09.849] NPM location: /Users/desmond/.nvm/versions/node/v16.0.0/bin/npm (explicit '--npmLocation' not  provided)
[23:15:09.849] validateDefaultNpmLocation: false
[23:15:09.850] Npm config file: /Users/desmond/Library/Caches/typescript/4.2/package.json
[23:15:09.850] Npm config file: '/Users/desmond/Library/Caches/typescript/4.2/package.json' is missing, creating new one...
[23:15:09.851] Updating types-registry npm package...
[23:15:09.851] Exec: /Users/desmond/.nvm/versions/node/v16.0.0/bin/npm install --ignore-scripts types-registry@latest
[23:15:14.587]     Succeeded. stdout:
    
    added 1 package, and audited 2 packages in 5s

found 0 vulnerabilities

[23:15:14.587] Updated types-registry npm package
[23:15:14.611] Got install request {"projectName":"/dev/null/inferredProject1*","fileNames":["/Users/desmond/.nvm/versions/node/v16.0.0/lib/node_modules/typescript/lib/lib.es5.d.ts","/Users/desmond/.nvm/versions/node/v16.0.0/lib/node_modules/typescript/lib/lib.es2015.d.ts","/Users/desmond/.nvm/versions/node/v16.0.0/lib/node_modules/typescript/lib/lib.es2016.d.ts","/Users/desmond/.nvm/versions/node/v16.0.0/lib/node_modules/typescript/lib/lib.dom.d.ts","/Users/desmond/.nvm/versions/node/v16.0.0/lib/node_modules/typescript/lib/lib.dom.iterable.d.ts","/Users/desmond/.nvm/versions/node/v16.0.0/lib/node_modules/typescript/lib/lib.webworker.importscripts.d.ts","/Users/desmond/.nvm/versions/node/v16.0.0/lib/node_modules/typescript/lib/lib.scripthost.d.ts","/Users/desmond/.nvm/versions/node/v16.0.0/lib/node_modules/typescript/lib/lib.es2015.core.d.ts","/Users/desmond/.nvm/versions/node/v16.0.0/lib/node_modules/typescript/lib/lib.es2015.collection.d.ts","/Users/desmond/.nvm/versions/node/v16.0.0/lib/node_modules/typescript/lib/lib.es2015.generator.d.ts","/Users/desmond/.nvm/versions/node/v16.0.0/lib/node_modules/typescript/lib/lib.es2015.iterable.d.ts","/Users/desmond/.nvm/versions/node/v16.0.0/lib/node_modules/typescript/lib/lib.es2015.promise.d.ts","/Users/desmond/.nvm/versions/node/v16.0.0/lib/node_modules/typescript/lib/lib.es2015.proxy.d.ts","/Users/desmond/.nvm/versions/node/v16.0.0/lib/node_modules/typescript/lib/lib.es2015.reflect.d.ts","/Users/desmond/.nvm/versions/node/v16.0.0/lib/node_modules/typescript/lib/lib.es2015.symbol.d.ts","/Users/desmond/.nvm/versions/node/v16.0.0/lib/node_modules/typescript/lib/lib.es2015.symbol.wellknown.d.ts","/Users/desmond/.nvm/versions/node/v16.0.0/lib/node_modules/typescript/lib/lib.es2016.array.include.d.ts","/Users/desmond/.nvm/versions/node/v16.0.0/lib/node_modules/typescript/lib/lib.es2016.full.d.ts","/Users/desmond/Documents/dotfiles/Ubersicht/istats.widget/src/components/Error.jsx","/Users/desmond/Documents/dotfiles/Ubersicht/istats.widget/src/parser/IStatsParser.js","/Users/desmond/Documents/dotfiles/Ubersicht/istats.widget/src/transformer/Transformer.js","/Users/desmond/Documents/dotfiles/Ubersicht/istats.widget/src/components/Stat.jsx","/Users/desmond/Documents/dotfiles/Ubersicht/istats.widget/src/components/Stats.jsx","/Users/desmond/Documents/dotfiles/Ubersicht/istats.widget/index.jsx"],"compilerOptions":{"module":1,"target":3,"jsx":1,"allowJs":true,"allowSyntheticDefaultImports":true,"allowNonTsExtensions":true,"noEmitForJsFiles":true,"maxNodeModuleJsDepth":2},"typeAcquisition":{"enable":true,"include":[],"exclude":[]},"unresolvedImports":["uebersicht"],"projectRootPath":"/Users/desmond/Documents/dotfiles/Ubersicht/istats.widget","kind":"discover"}
[23:15:14.637] Loaded safelist from types map file '/users/desmond/.nvm/versions/node/v16.0.0/lib/node_modules/typescript/lib/typesmap.json'
[23:15:14.638] Explicitly included types: []
[23:15:14.640] Inferred 'react' typings due to presence of '.jsx' extension
[23:15:14.640] Inferred typings from unresolved imports: ["uebersicht"]
[23:15:14.640] Result: {"cachedTypingPaths":[],"newTypingNames":["react","uebersicht"],"filesToWatch":["/Users/desmond/Documents/dotfiles/Ubersicht/istats.widget/src/components/bower_components","/Users/desmond/Documents/dotfiles/Ubersicht/istats.widget/src/components/node_modules","/Users/desmond/Documents/dotfiles/Ubersicht/istats.widget/src/parser/bower_components","/Users/desmond/Documents/dotfiles/Ubersicht/istats.widget/src/parser/node_modules","/Users/desmond/Documents/dotfiles/Ubersicht/istats.widget/src/transformer/bower_components","/Users/desmond/Documents/dotfiles/Ubersicht/istats.widget/src/transformer/node_modules","/Users/desmond/Documents/dotfiles/Ubersicht/istats.widget/bower_components","/Users/desmond/Documents/dotfiles/Ubersicht/istats.widget/node_modules"]}
[23:15:14.640] Finished typings discovery: {"cachedTypingPaths":[],"newTypingNames":["react","uebersicht"],"filesToWatch":["/Users/desmond/Documents/dotfiles/Ubersicht/istats.widget/src/components/bower_components","/Users/desmond/Documents/dotfiles/Ubersicht/istats.widget/src/components/node_modules","/Users/desmond/Documents/dotfiles/Ubersicht/istats.widget/src/parser/bower_components","/Users/desmond/Documents/dotfiles/Ubersicht/istats.widget/src/parser/node_modules","/Users/desmond/Documents/dotfiles/Ubersicht/istats.widget/src/transformer/bower_components","/Users/desmond/Documents/dotfiles/Ubersicht/istats.widget/src/transformer/node_modules","/Users/desmond/Documents/dotfiles/Ubersicht/istats.widget/bower_components","/Users/desmond/Documents/dotfiles/Ubersicht/istats.widget/node_modules"]}
[23:15:14.641] DirectoryWatcher:: Added:: WatchInfo: /Users/desmond/Documents/dotfiles/Ubersicht/istats.widget/src
[23:15:14.641] DirectoryWatcher:: Added:: WatchInfo: /Users/desmond/Documents/dotfiles/Ubersicht/istats.widget/src 1 undefined Project: /dev/null/inferredProject1* watcher already invoked: false
[23:15:14.648] Elapsed:: 6.830878999084234ms DirectoryWatcher:: Added:: WatchInfo: /Users/desmond/Documents/dotfiles/Ubersicht/istats.widget/src 1 undefined Project: /dev/null/inferredProject1* watcher already invoked: false
[23:15:14.649] DirectoryWatcher:: Added:: WatchInfo: /Users/desmond/Documents/dotfiles/Ubersicht/istats.widget/bower_components
[23:15:14.649] DirectoryWatcher:: Added:: WatchInfo: /Users/desmond/Documents/dotfiles/Ubersicht/istats.widget/bower_components 1 undefined Project: /dev/null/inferredProject1* watcher already invoked: false
[23:15:14.650] Elapsed:: 0.7167320027947426ms DirectoryWatcher:: Added:: WatchInfo: /Users/desmond/Documents/dotfiles/Ubersicht/istats.widget/bower_components 1 undefined Project: /dev/null/inferredProject1* watcher already invoked: false
[23:15:14.650] DirectoryWatcher:: Added:: WatchInfo: /Users/desmond/Documents/dotfiles/Ubersicht/istats.widget/node_modules
[23:15:14.650] DirectoryWatcher:: Added:: WatchInfo: /Users/desmond/Documents/dotfiles/Ubersicht/istats.widget/node_modules 1 undefined Project: /dev/null/inferredProject1* watcher already invoked: false
[23:15:14.650] Elapsed:: 0.09731099754571915ms DirectoryWatcher:: Added:: WatchInfo: /Users/desmond/Documents/dotfiles/Ubersicht/istats.widget/node_modules 1 undefined Project: /dev/null/inferredProject1* watcher already invoked: false
[23:15:14.650] Installing typings ["react","uebersicht"]
[23:15:14.651] 'uebersicht':: Entry for package 'uebersicht' does not exist in local types registry - skipping...
[23:15:14.651] Npm config file: /Users/desmond/Library/Caches/typescript/4.2/package.json
[23:15:14.651] Sending response:
    {"kind":"event::beginInstallTypes","eventId":1,"typingsInstallerVersion":"4.2.4","projectName":"/dev/null/inferredProject1*"}
[23:15:14.651] Response has been sent.
[23:15:14.652] #1 with arguments'["@types/react@ts4.2"]'.
[23:15:14.652] Exec: /Users/desmond/.nvm/versions/node/v16.0.0/bin/npm install --ignore-scripts @types/react@ts4.2 --save-dev --user-agent="typesInstaller/4.2.4"
[23:15:35.118]     Succeeded. stdout:
    
    added 4 packages, and audited 6 packages in 20s

found 0 vulnerabilities

[23:15:35.119] npm install #1 took: 20467 ms
[23:15:35.120] Installed typings ["@types/react@ts4.2"]
[23:15:35.126] Installed typing files ["/Users/desmond/Library/Caches/typescript/4.2/node_modules/@types/react/index.d.ts"]
[23:15:35.126] Sending response:
    {"projectName":"/dev/null/inferredProject1*","typeAcquisition":{"enable":true,"include":[],"exclude":[]},"compilerOptions":{"module":1,"target":3,"jsx":1,"allowJs":true,"allowSyntheticDefaultImports":true,"allowNonTsExtensions":true,"noEmitForJsFiles":true,"maxNodeModuleJsDepth":2},"typings":["/Users/desmond/Library/Caches/typescript/4.2/node_modules/@types/react/index.d.ts"],"unresolvedImports":["uebersicht"],"kind":"action::set"}
[23:15:35.126] Response has been sent.
[23:15:35.126] Sending response:
    {"kind":"event::endInstallTypes","eventId":1,"projectName":"/dev/null/inferredProject1*","packagesToInstall":["@types/react@ts4.2"],"installSuccess":true,"typingsInstallerVersion":"4.2.4"}
[23:15:35.126] Response has been sent.
[23:15:35.842] Got install request {"projectName":"/dev/null/inferredProject1*","fileNames":["/Users/desmond/.nvm/versions/node/v16.0.0/lib/node_modules/typescript/lib/lib.es5.d.ts","/Users/desmond/.nvm/versions/node/v16.0.0/lib/node_modules/typescript/lib/lib.es2015.d.ts","/Users/desmond/.nvm/versions/node/v16.0.0/lib/node_modules/typescript/lib/lib.es2016.d.ts","/Users/desmond/.nvm/versions/node/v16.0.0/lib/node_modules/typescript/lib/lib.dom.d.ts","/Users/desmond/.nvm/versions/node/v16.0.0/lib/node_modules/typescript/lib/lib.dom.iterable.d.ts","/Users/desmond/.nvm/versions/node/v16.0.0/lib/node_modules/typescript/lib/lib.webworker.importscripts.d.ts","/Users/desmond/.nvm/versions/node/v16.0.0/lib/node_modules/typescript/lib/lib.scripthost.d.ts","/Users/desmond/.nvm/versions/node/v16.0.0/lib/node_modules/typescript/lib/lib.es2015.core.d.ts","/Users/desmond/.nvm/versions/node/v16.0.0/lib/node_modules/typescript/lib/lib.es2015.collection.d.ts","/Users/desmond/.nvm/versions/node/v16.0.0/lib/node_modules/typescript/lib/lib.es2015.generator.d.ts","/Users/desmond/.nvm/versions/node/v16.0.0/lib/node_modules/typescript/lib/lib.es2015.iterable.d.ts","/Users/desmond/.nvm/versions/node/v16.0.0/lib/node_modules/typescript/lib/lib.es2015.promise.d.ts","/Users/desmond/.nvm/versions/node/v16.0.0/lib/node_modules/typescript/lib/lib.es2015.proxy.d.ts","/Users/desmond/.nvm/versions/node/v16.0.0/lib/node_modules/typescript/lib/lib.es2015.reflect.d.ts","/Users/desmond/.nvm/versions/node/v16.0.0/lib/node_modules/typescript/lib/lib.es2015.symbol.d.ts","/Users/desmond/.nvm/versions/node/v16.0.0/lib/node_modules/typescript/lib/lib.es2015.symbol.wellknown.d.ts","/Users/desmond/.nvm/versions/node/v16.0.0/lib/node_modules/typescript/lib/lib.es2016.array.include.d.ts","/Users/desmond/.nvm/versions/node/v16.0.0/lib/node_modules/typescript/lib/lib.es2016.full.d.ts","/Users/desmond/Documents/dotfiles/Ubersicht/istats.widget/src/components/Error.jsx","/Users/desmond/Documents/dotfiles/Ubersicht/istats.widget/src/parser/IStatsParser.js","/Users/desmond/Documents/dotfiles/Ubersicht/istats.widget/src/transformer/Transformer.js","/Users/desmond/Documents/dotfiles/Ubersicht/istats.widget/src/components/Stat.jsx","/Users/desmond/Documents/dotfiles/Ubersicht/istats.widget/src/components/Stats.jsx","/Users/desmond/Documents/dotfiles/Ubersicht/istats.widget/index.jsx","/Users/desmond/Library/Caches/typescript/4.2/node_modules/@types/react/global.d.ts","/Users/desmond/Library/Caches/typescript/4.2/node_modules/@types/react/index.d.ts"],"compilerOptions":{"module":1,"target":3,"jsx":1,"allowJs":true,"allowSyntheticDefaultImports":true,"allowNonTsExtensions":true,"noEmitForJsFiles":true,"maxNodeModuleJsDepth":2},"typeAcquisition":{"enable":true,"include":[],"exclude":[]},"unresolvedImports":["uebersicht"],"projectRootPath":"/Users/desmond/Documents/dotfiles/Ubersicht/istats.widget","kind":"discover"}
[23:15:35.843] Explicitly included types: []
[23:15:35.843] Inferred 'react' typings due to presence of '.jsx' extension
[23:15:35.843] Inferred typings from unresolved imports: ["uebersicht"]
[23:15:35.844] Result: {"cachedTypingPaths":["/Users/desmond/Library/Caches/typescript/4.2/node_modules/@types/react/index.d.ts"],"newTypingNames":["uebersicht"],"filesToWatch":["/Users/desmond/Documents/dotfiles/Ubersicht/istats.widget/src/components/bower_components","/Users/desmond/Documents/dotfiles/Ubersicht/istats.widget/src/components/node_modules","/Users/desmond/Documents/dotfiles/Ubersicht/istats.widget/src/parser/bower_components","/Users/desmond/Documents/dotfiles/Ubersicht/istats.widget/src/parser/node_modules","/Users/desmond/Documents/dotfiles/Ubersicht/istats.widget/src/transformer/bower_components","/Users/desmond/Documents/dotfiles/Ubersicht/istats.widget/src/transformer/node_modules","/Users/desmond/Documents/dotfiles/Ubersicht/istats.widget/bower_components","/Users/desmond/Documents/dotfiles/Ubersicht/istats.widget/node_modules"]}
[23:15:35.844] Finished typings discovery: {"cachedTypingPaths":["/Users/desmond/Library/Caches/typescript/4.2/node_modules/@types/react/index.d.ts"],"newTypingNames":["uebersicht"],"filesToWatch":["/Users/desmond/Documents/dotfiles/Ubersicht/istats.widget/src/components/bower_components","/Users/desmond/Documents/dotfiles/Ubersicht/istats.widget/src/components/node_modules","/Users/desmond/Documents/dotfiles/Ubersicht/istats.widget/src/parser/bower_components","/Users/desmond/Documents/dotfiles/Ubersicht/istats.widget/src/parser/node_modules","/Users/desmond/Documents/dotfiles/Ubersicht/istats.widget/src/transformer/bower_components","/Users/desmond/Documents/dotfiles/Ubersicht/istats.widget/src/transformer/node_modules","/Users/desmond/Documents/dotfiles/Ubersicht/istats.widget/bower_components","/Users/desmond/Documents/dotfiles/Ubersicht/istats.widget/node_modules"]}
[23:15:35.844] Installing typings ["uebersicht"]
[23:15:35.844] 'uebersicht':: Entry for package 'uebersicht' does not exist in local types registry - skipping...
[23:15:35.844] All typings are known to be missing or invalid - no need to install more typings
[23:15:35.844] Sending response:
    {"projectName":"/dev/null/inferredProject1*","typeAcquisition":{"enable":true,"include":[],"exclude":[]},"compilerOptions":{"module":1,"target":3,"jsx":1,"allowJs":true,"allowSyntheticDefaultImports":true,"allowNonTsExtensions":true,"noEmitForJsFiles":true,"maxNodeModuleJsDepth":2},"typings":["/Users/desmond/Library/Caches/typescript/4.2/node_modules/@types/react/index.d.ts"],"unresolvedImports":["uebersicht"],"kind":"action::set"}
[23:15:35.845] Response has been sent.
