[23:54:32.408] Global cache location '/Users/desmond/Library/Caches/typescript/4.1', safe file path '/users/desmond/.nvm/versions/node/v15.7.0/lib/node_modules/typescript/lib/typingsafelist.json', types map path /users/desmond/.nvm/versions/node/v15.7.0/lib/node_modules/typescript/lib/typesmap.json
[23:54:32.410] Processing cache location '/Users/desmond/Library/Caches/typescript/4.1'
[23:54:32.410] Trying to find '/Users/desmond/Library/Caches/typescript/4.1/package.json'...
[23:54:32.412] Loaded content of '/Users/desmond/Library/Caches/typescript/4.1/package.json': {"private":true,"dependencies":{"types-registry":"^0.1.531"}}
[23:54:32.412] Loaded content of '/Users/desmond/Library/Caches/typescript/4.1/package-lock.json'
[23:54:32.412] Finished processing cache location '/Users/desmond/Library/Caches/typescript/4.1'
[23:54:32.412] Process id: 4881
[23:54:32.413] NPM location: /Users/desmond/.nvm/versions/node/v15.7.0/bin/npm (explicit '--npmLocation' not  provided)
[23:54:32.413] validateDefaultNpmLocation: false
[23:54:32.413] Npm config file: /Users/desmond/Library/Caches/typescript/4.1/package.json
[23:54:32.413] Updating types-registry npm package...
[23:54:32.413] Exec: /Users/desmond/.nvm/versions/node/v15.7.0/bin/npm install --ignore-scripts types-registry@latest
[23:54:34.795]     Succeeded. stdout:
    
    up to date, audited 2 packages in 2s

found 0 vulnerabilities

[23:54:34.796] Updated types-registry npm package
[23:54:34.815] Got install request {"projectName":"/dev/null/inferredProject1*","fileNames":["/Users/desmond/.nvm/versions/node/v15.7.0/lib/node_modules/typescript/lib/lib.es5.d.ts","/Users/desmond/.nvm/versions/node/v15.7.0/lib/node_modules/typescript/lib/lib.es2015.d.ts","/Users/desmond/.nvm/versions/node/v15.7.0/lib/node_modules/typescript/lib/lib.es2016.d.ts","/Users/desmond/.nvm/versions/node/v15.7.0/lib/node_modules/typescript/lib/lib.dom.d.ts","/Users/desmond/.nvm/versions/node/v15.7.0/lib/node_modules/typescript/lib/lib.dom.iterable.d.ts","/Users/desmond/.nvm/versions/node/v15.7.0/lib/node_modules/typescript/lib/lib.webworker.importscripts.d.ts","/Users/desmond/.nvm/versions/node/v15.7.0/lib/node_modules/typescript/lib/lib.scripthost.d.ts","/Users/desmond/.nvm/versions/node/v15.7.0/lib/node_modules/typescript/lib/lib.es2015.core.d.ts","/Users/desmond/.nvm/versions/node/v15.7.0/lib/node_modules/typescript/lib/lib.es2015.collection.d.ts","/Users/desmond/.nvm/versions/node/v15.7.0/lib/node_modules/typescript/lib/lib.es2015.generator.d.ts","/Users/desmond/.nvm/versions/node/v15.7.0/lib/node_modules/typescript/lib/lib.es2015.iterable.d.ts","/Users/desmond/.nvm/versions/node/v15.7.0/lib/node_modules/typescript/lib/lib.es2015.promise.d.ts","/Users/desmond/.nvm/versions/node/v15.7.0/lib/node_modules/typescript/lib/lib.es2015.proxy.d.ts","/Users/desmond/.nvm/versions/node/v15.7.0/lib/node_modules/typescript/lib/lib.es2015.reflect.d.ts","/Users/desmond/.nvm/versions/node/v15.7.0/lib/node_modules/typescript/lib/lib.es2015.symbol.d.ts","/Users/desmond/.nvm/versions/node/v15.7.0/lib/node_modules/typescript/lib/lib.es2015.symbol.wellknown.d.ts","/Users/desmond/.nvm/versions/node/v15.7.0/lib/node_modules/typescript/lib/lib.es2016.array.include.d.ts","/Users/desmond/.nvm/versions/node/v15.7.0/lib/node_modules/typescript/lib/lib.es2016.full.d.ts","/Users/desmond/.config/karabiner/karabiner.json"],"compilerOptions":{"module":1,"target":3,"jsx":1,"allowJs":true,"allowSyntheticDefaultImports":true,"allowNonTsExtensions":true,"noEmitForJsFiles":true},"typeAcquisition":{"enable":true,"include":[],"exclude":[]},"unresolvedImports":[],"projectRootPath":"/Users/desmond/.config/karabiner","kind":"discover"}
[23:54:34.836] Loaded safelist from types map file '/users/desmond/.nvm/versions/node/v15.7.0/lib/node_modules/typescript/lib/typesmap.json'
[23:54:34.836] Explicitly included types: []
[23:54:34.837] Inferred typings from unresolved imports: []
[23:54:34.837] Result: {"cachedTypingPaths":[],"newTypingNames":[],"filesToWatch":["/Users/desmond/.config/karabiner/bower_components","/Users/desmond/.config/karabiner/node_modules"]}
[23:54:34.838] Finished typings discovery: {"cachedTypingPaths":[],"newTypingNames":[],"filesToWatch":["/Users/desmond/.config/karabiner/bower_components","/Users/desmond/.config/karabiner/node_modules"]}
[23:54:34.838] DirectoryWatcher:: Added:: WatchInfo: /Users/desmond/.config/karabiner/bower_components
[23:54:34.839] DirectoryWatcher:: Added:: WatchInfo: /Users/desmond/.config/karabiner/node_modules
[23:54:34.839] Sending response:
    {"projectName":"/dev/null/inferredProject1*","typeAcquisition":{"enable":true,"include":[],"exclude":[]},"compilerOptions":{"module":1,"target":3,"jsx":1,"allowJs":true,"allowSyntheticDefaultImports":true,"allowNonTsExtensions":true,"noEmitForJsFiles":true},"typings":[],"unresolvedImports":[],"kind":"action::set"}
[23:54:34.840] Response has been sent.
[23:54:34.840] No new typings were requested as a result of typings discovery
[23:55:04.684] Got install request {"projectName":"/dev/null/inferredProject2*","fileNames":["/Users/desmond/.nvm/versions/node/v15.7.0/lib/node_modules/typescript/lib/lib.es5.d.ts","/Users/desmond/.nvm/versions/node/v15.7.0/lib/node_modules/typescript/lib/lib.es2015.d.ts","/Users/desmond/.nvm/versions/node/v15.7.0/lib/node_modules/typescript/lib/lib.es2016.d.ts","/Users/desmond/.nvm/versions/node/v15.7.0/lib/node_modules/typescript/lib/lib.dom.d.ts","/Users/desmond/.nvm/versions/node/v15.7.0/lib/node_modules/typescript/lib/lib.dom.iterable.d.ts","/Users/desmond/.nvm/versions/node/v15.7.0/lib/node_modules/typescript/lib/lib.webworker.importscripts.d.ts","/Users/desmond/.nvm/versions/node/v15.7.0/lib/node_modules/typescript/lib/lib.scripthost.d.ts","/Users/desmond/.nvm/versions/node/v15.7.0/lib/node_modules/typescript/lib/lib.es2015.core.d.ts","/Users/desmond/.nvm/versions/node/v15.7.0/lib/node_modules/typescript/lib/lib.es2015.collection.d.ts","/Users/desmond/.nvm/versions/node/v15.7.0/lib/node_modules/typescript/lib/lib.es2015.generator.d.ts","/Users/desmond/.nvm/versions/node/v15.7.0/lib/node_modules/typescript/lib/lib.es2015.iterable.d.ts","/Users/desmond/.nvm/versions/node/v15.7.0/lib/node_modules/typescript/lib/lib.es2015.promise.d.ts","/Users/desmond/.nvm/versions/node/v15.7.0/lib/node_modules/typescript/lib/lib.es2015.proxy.d.ts","/Users/desmond/.nvm/versions/node/v15.7.0/lib/node_modules/typescript/lib/lib.es2015.reflect.d.ts","/Users/desmond/.nvm/versions/node/v15.7.0/lib/node_modules/typescript/lib/lib.es2015.symbol.d.ts","/Users/desmond/.nvm/versions/node/v15.7.0/lib/node_modules/typescript/lib/lib.es2015.symbol.wellknown.d.ts","/Users/desmond/.nvm/versions/node/v15.7.0/lib/node_modules/typescript/lib/lib.es2016.array.include.d.ts","/Users/desmond/.nvm/versions/node/v15.7.0/lib/node_modules/typescript/lib/lib.es2016.full.d.ts","/Users/desmond/.config/karabiner/assets/complex_modifications/1615436761.json"],"compilerOptions":{"module":1,"target":3,"jsx":1,"allowJs":true,"allowSyntheticDefaultImports":true,"allowNonTsExtensions":true,"noEmitForJsFiles":true},"typeAcquisition":{"enable":true,"include":[],"exclude":[]},"unresolvedImports":[],"projectRootPath":"/Users/desmond/.config/karabiner/assets/complex_modifications","kind":"discover"}
[23:55:04.685] Explicitly included types: []
[23:55:04.685] Inferred typings from unresolved imports: []
[23:55:04.686] Result: {"cachedTypingPaths":[],"newTypingNames":[],"filesToWatch":["/Users/desmond/.config/karabiner/assets/complex_modifications/bower_components","/Users/desmond/.config/karabiner/assets/complex_modifications/node_modules"]}
[23:55:04.686] Finished typings discovery: {"cachedTypingPaths":[],"newTypingNames":[],"filesToWatch":["/Users/desmond/.config/karabiner/assets/complex_modifications/bower_components","/Users/desmond/.config/karabiner/assets/complex_modifications/node_modules"]}
[23:55:04.686] DirectoryWatcher:: Added:: WatchInfo: /Users/desmond/.config/karabiner/assets/complex_modifications/bower_components
[23:55:04.686] DirectoryWatcher:: Added:: WatchInfo: /Users/desmond/.config/karabiner/assets/complex_modifications/node_modules
[23:55:04.687] Sending response:
    {"projectName":"/dev/null/inferredProject2*","typeAcquisition":{"enable":true,"include":[],"exclude":[]},"compilerOptions":{"module":1,"target":3,"jsx":1,"allowJs":true,"allowSyntheticDefaultImports":true,"allowNonTsExtensions":true,"noEmitForJsFiles":true},"typings":[],"unresolvedImports":[],"kind":"action::set"}
[23:55:04.687] Response has been sent.
[23:55:04.687] No new typings were requested as a result of typings discovery
[23:55:11.839] Got install request {"projectName":"/dev/null/inferredProject3*","fileNames":["/Users/desmond/.nvm/versions/node/v15.7.0/lib/node_modules/typescript/lib/lib.es5.d.ts","/Users/desmond/.nvm/versions/node/v15.7.0/lib/node_modules/typescript/lib/lib.es2015.d.ts","/Users/desmond/.nvm/versions/node/v15.7.0/lib/node_modules/typescript/lib/lib.es2016.d.ts","/Users/desmond/.nvm/versions/node/v15.7.0/lib/node_modules/typescript/lib/lib.dom.d.ts","/Users/desmond/.nvm/versions/node/v15.7.0/lib/node_modules/typescript/lib/lib.dom.iterable.d.ts","/Users/desmond/.nvm/versions/node/v15.7.0/lib/node_modules/typescript/lib/lib.webworker.importscripts.d.ts","/Users/desmond/.nvm/versions/node/v15.7.0/lib/node_modules/typescript/lib/lib.scripthost.d.ts","/Users/desmond/.nvm/versions/node/v15.7.0/lib/node_modules/typescript/lib/lib.es2015.core.d.ts","/Users/desmond/.nvm/versions/node/v15.7.0/lib/node_modules/typescript/lib/lib.es2015.collection.d.ts","/Users/desmond/.nvm/versions/node/v15.7.0/lib/node_modules/typescript/lib/lib.es2015.generator.d.ts","/Users/desmond/.nvm/versions/node/v15.7.0/lib/node_modules/typescript/lib/lib.es2015.iterable.d.ts","/Users/desmond/.nvm/versions/node/v15.7.0/lib/node_modules/typescript/lib/lib.es2015.promise.d.ts","/Users/desmond/.nvm/versions/node/v15.7.0/lib/node_modules/typescript/lib/lib.es2015.proxy.d.ts","/Users/desmond/.nvm/versions/node/v15.7.0/lib/node_modules/typescript/lib/lib.es2015.reflect.d.ts","/Users/desmond/.nvm/versions/node/v15.7.0/lib/node_modules/typescript/lib/lib.es2015.symbol.d.ts","/Users/desmond/.nvm/versions/node/v15.7.0/lib/node_modules/typescript/lib/lib.es2015.symbol.wellknown.d.ts","/Users/desmond/.nvm/versions/node/v15.7.0/lib/node_modules/typescript/lib/lib.es2016.array.include.d.ts","/Users/desmond/.nvm/versions/node/v15.7.0/lib/node_modules/typescript/lib/lib.es2016.full.d.ts","/Users/desmond/.config/karabiner/assets/complex_modifications/1615437505.json"],"compilerOptions":{"module":1,"target":3,"jsx":1,"allowJs":true,"allowSyntheticDefaultImports":true,"allowNonTsExtensions":true,"noEmitForJsFiles":true},"typeAcquisition":{"enable":true,"include":[],"exclude":[]},"unresolvedImports":[],"projectRootPath":"/Users/desmond/.config/karabiner/assets/complex_modifications","kind":"discover"}
[23:55:11.840] Explicitly included types: []
[23:55:11.840] Inferred typings from unresolved imports: []
[23:55:11.840] Result: {"cachedTypingPaths":[],"newTypingNames":[],"filesToWatch":["/Users/desmond/.config/karabiner/assets/complex_modifications/bower_components","/Users/desmond/.config/karabiner/assets/complex_modifications/node_modules"]}
[23:55:11.841] Finished typings discovery: {"cachedTypingPaths":[],"newTypingNames":[],"filesToWatch":["/Users/desmond/.config/karabiner/assets/complex_modifications/bower_components","/Users/desmond/.config/karabiner/assets/complex_modifications/node_modules"]}
[23:55:11.841] DirectoryWatcher:: Added:: WatchInfo: /Users/desmond/.config/karabiner/assets/complex_modifications/bower_components
[23:55:11.841] DirectoryWatcher:: Added:: WatchInfo: /Users/desmond/.config/karabiner/assets/complex_modifications/node_modules
[23:55:11.841] Sending response:
    {"projectName":"/dev/null/inferredProject3*","typeAcquisition":{"enable":true,"include":[],"exclude":[]},"compilerOptions":{"module":1,"target":3,"jsx":1,"allowJs":true,"allowSyntheticDefaultImports":true,"allowNonTsExtensions":true,"noEmitForJsFiles":true},"typings":[],"unresolvedImports":[],"kind":"action::set"}
[23:55:11.841] Response has been sent.
[23:55:11.842] No new typings were requested as a result of typings discovery
